#
# There is insufficient memory for the Java Runtime Environment to continue.
# Native memory allocation (malloc) failed to allocate 32744 bytes for ChunkPool::allocate
# Possible reasons:
#   The system is out of physical RAM or swap space
#   The process is running with CompressedOops enabled, and the Java Heap may be blocking the growth of the native heap
# Possible solutions:
#   Reduce memory load on the system
#   Increase physical memory or swap space
#   Check if swap backing store is full
#   Decrease Java heap size (-Xmx/-Xms)
#   Decrease number of Java threads
#   Decrease Java thread stack sizes (-Xss)
#   Set larger code cache with -XX:ReservedCodeCacheSize=
#   JVM is running with Unscaled Compressed Oops mode in which the Java heap is
#     placed in the first 4GB address space. The Java Heap base address is the
#     maximum limit for the native heap growth. Please use -XX:HeapBaseMinAddress
#     to set the Java Heap base and to place the Java Heap above 4GB virtual address.
# This output file may be truncated or incomplete.
#
#  Out of Memory Error (arena.cpp:78), pid=17672, tid=18932
#
# JRE version: OpenJDK Runtime Environment Temurin-17.0.6+10 (17.0.6+10) (build 17.0.6+10)
# Java VM: OpenJDK 64-Bit Server VM Temurin-17.0.6+10 (17.0.6+10, mixed mode, tiered, compressed oops, compressed class ptrs, g1 gc, windows-amd64)
# No core dump will be written. Minidumps are not enabled by default on client versions of Windows
#

---------------  S U M M A R Y ------------

Command Line: -Dnet.bytebuddy.agent.attacher.dump= net.bytebuddy.agent.Attacher com.sun.tools.attach.VirtualMachine 19360 C:\Users\hree\.m2\repository\net\bytebuddy\byte-buddy-agent\1.14.8\byte-buddy-agent-1.14.8.jar false 

Host: Intel(R) Core(TM) i5-5300U CPU @ 2.30GHz, 4 cores, 7G,  Windows 10 , 64 bit Build 19041 (10.0.19041.3570)
Time: Fri Oct 20 15:23:07 2023 India Standard Time elapsed time: 0.512661 seconds (0d 0h 0m 0s)

---------------  T H R E A D  ---------------

Current thread (0x0000026d2281a4b0):  JavaThread "C1 CompilerThread0" daemon [_thread_in_native, id=18932, stack(0x0000007839900000,0x0000007839a00000)]


Current CompileTask:
C1:    512  232       3       jdk.internal.org.objectweb.asm.Frame::execute (2305 bytes)

Stack: [0x0000007839900000,0x0000007839a00000]
Native frames: (J=compiled Java code, j=interpreted, Vv=VM code, C=native code)
V  [jvm.dll+0x67741a]
V  [jvm.dll+0x834434]
V  [jvm.dll+0x835bde]
V  [jvm.dll+0x836243]
V  [jvm.dll+0x2457b5]
V  [jvm.dll+0xabd1c]
V  [jvm.dll+0xac0cc]
V  [jvm.dll+0xb901d]
V  [jvm.dll+0x1764c5]
V  [jvm.dll+0x17610d]
V  [jvm.dll+0x178989]
V  [jvm.dll+0x17a601]
V  [jvm.dll+0x134d93]
V  [jvm.dll+0x13468f]
V  [jvm.dll+0x1348c6]
V  [jvm.dll+0x133d5a]
V  [jvm.dll+0x135a21]
V  [jvm.dll+0x22742a]
V  [jvm.dll+0x225565]
V  [jvm.dll+0x7ea2cb]
V  [jvm.dll+0x7e483a]
V  [jvm.dll+0x6762c5]
C  [ucrtbase.dll+0x21bb2]
C  [KERNEL32.DLL+0x17344]
C  [ntdll.dll+0x526b1]


---------------  P R O C E S S  ---------------

Threads class SMR info:
_java_thread_list=0x0000026d22bfc040, length=12, elements={
0x0000026d21dd0020, 0x0000026d21dd0e90, 0x0000026d21de70d0, 0x0000026d21de8b90,
0x0000026d22822530, 0x0000026d22815570, 0x0000026d22819a10, 0x0000026d2281a4b0,
0x0000026d2281b0c0, 0x0000026d22990120, 0x0000026d229a70b0, 0x0000026d08718d70
}

Java Threads: ( => current thread )
  0x0000026d21dd0020 JavaThread "Reference Handler" daemon [_thread_blocked, id=15088, stack(0x0000007839200000,0x0000007839300000)]
  0x0000026d21dd0e90 JavaThread "Finalizer" daemon [_thread_blocked, id=17520, stack(0x0000007839300000,0x0000007839400000)]
  0x0000026d21de70d0 JavaThread "Signal Dispatcher" daemon [_thread_blocked, id=13200, stack(0x0000007839400000,0x0000007839500000)]
  0x0000026d21de8b90 JavaThread "Attach Listener" daemon [_thread_blocked, id=17584, stack(0x0000007839500000,0x0000007839600000)]
  0x0000026d22822530 JavaThread "Service Thread" daemon [_thread_blocked, id=18880, stack(0x0000007839600000,0x0000007839700000)]
  0x0000026d22815570 JavaThread "Monitor Deflation Thread" daemon [_thread_blocked, id=8252, stack(0x0000007839700000,0x0000007839800000)]
  0x0000026d22819a10 JavaThread "C2 CompilerThread0" daemon [_thread_blocked, id=17872, stack(0x0000007839800000,0x0000007839900000)]
=>0x0000026d2281a4b0 JavaThread "C1 CompilerThread0" daemon [_thread_in_native, id=18932, stack(0x0000007839900000,0x0000007839a00000)]
  0x0000026d2281b0c0 JavaThread "Sweeper thread" daemon [_thread_blocked, id=18080, stack(0x0000007839a00000,0x0000007839b00000)]
  0x0000026d22990120 JavaThread "Notification Thread" daemon [_thread_blocked, id=252, stack(0x0000007839b00000,0x0000007839c00000)]
  0x0000026d229a70b0 JavaThread "Common-Cleaner" daemon [_thread_blocked, id=2388, stack(0x0000007839d00000,0x0000007839e00000)]
  0x0000026d08718d70 JavaThread "DestroyJavaVM" [_thread_blocked, id=4800, stack(0x0000007838b00000,0x0000007838c00000)]

Other Threads:
  0x0000026d21dbc070 VMThread "VM Thread" [stack: 0x0000007839100000,0x0000007839200000] [id=13560]
  0x0000026d0878c1e0 WatcherThread [stack: 0x0000007839c00000,0x0000007839d00000] [id=18628]
  0x0000026d08773540 GCTaskThread "GC Thread#0" [stack: 0x0000007838c00000,0x0000007838d00000] [id=18848]
  0x0000026d08784080 ConcurrentGCThread "G1 Main Marker" [stack: 0x0000007838d00000,0x0000007838e00000] [id=11464]
  0x0000026d08785230 ConcurrentGCThread "G1 Conc#0" [stack: 0x0000007838e00000,0x0000007838f00000] [id=7964]
  0x0000026d21c00490 ConcurrentGCThread "G1 Refine#0" [stack: 0x0000007838f00000,0x0000007839000000] [id=676]
  0x0000026d21c00eb0 ConcurrentGCThread "G1 Service" [stack: 0x0000007839000000,0x0000007839100000] [id=8156]

Threads with active compile tasks:
C1 CompilerThread0      862  232       3       jdk.internal.org.objectweb.asm.Frame::execute (2305 bytes)

VM state: not at safepoint (normal execution)

VM Mutex/Monitor currently owned by a thread: None

Heap address: 0x0000000082000000, size: 2016 MB, Compressed Oops mode: 32-bit

CDS archive(s) not mapped
Compressed class space mapped at: 0x0000000100000000-0x0000000140000000, reserved size: 1073741824
Narrow klass base: 0x0000000000000000, Narrow klass shift: 3, Narrow klass range: 0x140000000

GC Precious Log:
 CPUs: 4 total, 4 available
 Memory: 8063M
 Large Page Support: Disabled
 NUMA Support: Disabled
 Compressed Oops: Enabled (32-bit)
 Heap Region Size: 1M
 Heap Min Capacity: 8M
 Heap Initial Capacity: 126M
 Heap Max Capacity: 2016M
 Pre-touch: Disabled
 Parallel Workers: 4
 Concurrent Workers: 1
 Concurrent Refinement Workers: 4
 Periodic GC: Disabled

Heap:
 garbage-first heap   total 129024K, used 3072K [0x0000000082000000, 0x0000000100000000)
  region size 1024K, 4 young (4096K), 0 survivors (0K)
 Metaspace       used 7349K, committed 7488K, reserved 1056768K
  class space    used 650K, committed 704K, reserved 1048576K

Heap Regions: E=young(eden), S=young(survivor), O=old, HS=humongous(starts), HC=humongous(continues), CS=collection set, F=free, OA=open archive, CA=closed archive, TAMS=top-at-mark-start (previous, next)
|   0|0x0000000082000000, 0x0000000082000000, 0x0000000082100000|  0%| F|  |TAMS 0x0000000082000000, 0x0000000082000000| Untracked 
|   1|0x0000000082100000, 0x0000000082100000, 0x0000000082200000|  0%| F|  |TAMS 0x0000000082100000, 0x0000000082100000| Untracked 
|   2|0x0000000082200000, 0x0000000082200000, 0x0000000082300000|  0%| F|  |TAMS 0x0000000082200000, 0x0000000082200000| Untracked 
|   3|0x0000000082300000, 0x0000000082300000, 0x0000000082400000|  0%| F|  |TAMS 0x0000000082300000, 0x0000000082300000| Untracked 
|   4|0x0000000082400000, 0x0000000082400000, 0x0000000082500000|  0%| F|  |TAMS 0x0000000082400000, 0x0000000082400000| Untracked 
|   5|0x0000000082500000, 0x0000000082500000, 0x0000000082600000|  0%| F|  |TAMS 0x0000000082500000, 0x0000000082500000| Untracked 
|   6|0x0000000082600000, 0x0000000082600000, 0x0000000082700000|  0%| F|  |TAMS 0x0000000082600000, 0x0000000082600000| Untracked 
|   7|0x0000000082700000, 0x0000000082700000, 0x0000000082800000|  0%| F|  |TAMS 0x0000000082700000, 0x0000000082700000| Untracked 
|   8|0x0000000082800000, 0x0000000082800000, 0x0000000082900000|  0%| F|  |TAMS 0x0000000082800000, 0x0000000082800000| Untracked 
|   9|0x0000000082900000, 0x0000000082900000, 0x0000000082a00000|  0%| F|  |TAMS 0x0000000082900000, 0x0000000082900000| Untracked 
|  10|0x0000000082a00000, 0x0000000082a00000, 0x0000000082b00000|  0%| F|  |TAMS 0x0000000082a00000, 0x0000000082a00000| Untracked 
|  11|0x0000000082b00000, 0x0000000082b00000, 0x0000000082c00000|  0%| F|  |TAMS 0x0000000082b00000, 0x0000000082b00000| Untracked 
|  12|0x0000000082c00000, 0x0000000082c00000, 0x0000000082d00000|  0%| F|  |TAMS 0x0000000082c00000, 0x0000000082c00000| Untracked 
|  13|0x0000000082d00000, 0x0000000082d00000, 0x0000000082e00000|  0%| F|  |TAMS 0x0000000082d00000, 0x0000000082d00000| Untracked 
|  14|0x0000000082e00000, 0x0000000082e00000, 0x0000000082f00000|  0%| F|  |TAMS 0x0000000082e00000, 0x0000000082e00000| Untracked 
|  15|0x0000000082f00000, 0x0000000082f00000, 0x0000000083000000|  0%| F|  |TAMS 0x0000000082f00000, 0x0000000082f00000| Untracked 
|  16|0x0000000083000000, 0x0000000083000000, 0x0000000083100000|  0%| F|  |TAMS 0x0000000083000000, 0x0000000083000000| Untracked 
|  17|0x0000000083100000, 0x0000000083100000, 0x0000000083200000|  0%| F|  |TAMS 0x0000000083100000, 0x0000000083100000| Untracked 
|  18|0x0000000083200000, 0x0000000083200000, 0x0000000083300000|  0%| F|  |TAMS 0x0000000083200000, 0x0000000083200000| Untracked 
|  19|0x0000000083300000, 0x0000000083300000, 0x0000000083400000|  0%| F|  |TAMS 0x0000000083300000, 0x0000000083300000| Untracked 
|  20|0x0000000083400000, 0x0000000083400000, 0x0000000083500000|  0%| F|  |TAMS 0x0000000083400000, 0x0000000083400000| Untracked 
|  21|0x0000000083500000, 0x0000000083500000, 0x0000000083600000|  0%| F|  |TAMS 0x0000000083500000, 0x0000000083500000| Untracked 
|  22|0x0000000083600000, 0x0000000083600000, 0x0000000083700000|  0%| F|  |TAMS 0x0000000083600000, 0x0000000083600000| Untracked 
|  23|0x0000000083700000, 0x0000000083700000, 0x0000000083800000|  0%| F|  |TAMS 0x0000000083700000, 0x0000000083700000| Untracked 
|  24|0x0000000083800000, 0x0000000083800000, 0x0000000083900000|  0%| F|  |TAMS 0x0000000083800000, 0x0000000083800000| Untracked 
|  25|0x0000000083900000, 0x0000000083900000, 0x0000000083a00000|  0%| F|  |TAMS 0x0000000083900000, 0x0000000083900000| Untracked 
|  26|0x0000000083a00000, 0x0000000083a00000, 0x0000000083b00000|  0%| F|  |TAMS 0x0000000083a00000, 0x0000000083a00000| Untracked 
|  27|0x0000000083b00000, 0x0000000083b00000, 0x0000000083c00000|  0%| F|  |TAMS 0x0000000083b00000, 0x0000000083b00000| Untracked 
|  28|0x0000000083c00000, 0x0000000083c00000, 0x0000000083d00000|  0%| F|  |TAMS 0x0000000083c00000, 0x0000000083c00000| Untracked 
|  29|0x0000000083d00000, 0x0000000083d00000, 0x0000000083e00000|  0%| F|  |TAMS 0x0000000083d00000, 0x0000000083d00000| Untracked 
|  30|0x0000000083e00000, 0x0000000083e00000, 0x0000000083f00000|  0%| F|  |TAMS 0x0000000083e00000, 0x0000000083e00000| Untracked 
|  31|0x0000000083f00000, 0x0000000083f00000, 0x0000000084000000|  0%| F|  |TAMS 0x0000000083f00000, 0x0000000083f00000| Untracked 
|  32|0x0000000084000000, 0x0000000084000000, 0x0000000084100000|  0%| F|  |TAMS 0x0000000084000000, 0x0000000084000000| Untracked 
|  33|0x0000000084100000, 0x0000000084100000, 0x0000000084200000|  0%| F|  |TAMS 0x0000000084100000, 0x0000000084100000| Untracked 
|  34|0x0000000084200000, 0x0000000084200000, 0x0000000084300000|  0%| F|  |TAMS 0x0000000084200000, 0x0000000084200000| Untracked 
|  35|0x0000000084300000, 0x0000000084300000, 0x0000000084400000|  0%| F|  |TAMS 0x0000000084300000, 0x0000000084300000| Untracked 
|  36|0x0000000084400000, 0x0000000084400000, 0x0000000084500000|  0%| F|  |TAMS 0x0000000084400000, 0x0000000084400000| Untracked 
|  37|0x0000000084500000, 0x0000000084500000, 0x0000000084600000|  0%| F|  |TAMS 0x0000000084500000, 0x0000000084500000| Untracked 
|  38|0x0000000084600000, 0x0000000084600000, 0x0000000084700000|  0%| F|  |TAMS 0x0000000084600000, 0x0000000084600000| Untracked 
|  39|0x0000000084700000, 0x0000000084700000, 0x0000000084800000|  0%| F|  |TAMS 0x0000000084700000, 0x0000000084700000| Untracked 
|  40|0x0000000084800000, 0x0000000084800000, 0x0000000084900000|  0%| F|  |TAMS 0x0000000084800000, 0x0000000084800000| Untracked 
|  41|0x0000000084900000, 0x0000000084900000, 0x0000000084a00000|  0%| F|  |TAMS 0x0000000084900000, 0x0000000084900000| Untracked 
|  42|0x0000000084a00000, 0x0000000084a00000, 0x0000000084b00000|  0%| F|  |TAMS 0x0000000084a00000, 0x0000000084a00000| Untracked 
|  43|0x0000000084b00000, 0x0000000084b00000, 0x0000000084c00000|  0%| F|  |TAMS 0x0000000084b00000, 0x0000000084b00000| Untracked 
|  44|0x0000000084c00000, 0x0000000084c00000, 0x0000000084d00000|  0%| F|  |TAMS 0x0000000084c00000, 0x0000000084c00000| Untracked 
|  45|0x0000000084d00000, 0x0000000084d00000, 0x0000000084e00000|  0%| F|  |TAMS 0x0000000084d00000, 0x0000000084d00000| Untracked 
|  46|0x0000000084e00000, 0x0000000084e00000, 0x0000000084f00000|  0%| F|  |TAMS 0x0000000084e00000, 0x0000000084e00000| Untracked 
|  47|0x0000000084f00000, 0x0000000084f00000, 0x0000000085000000|  0%| F|  |TAMS 0x0000000084f00000, 0x0000000084f00000| Untracked 
|  48|0x0000000085000000, 0x0000000085000000, 0x0000000085100000|  0%| F|  |TAMS 0x0000000085000000, 0x0000000085000000| Untracked 
|  49|0x0000000085100000, 0x0000000085100000, 0x0000000085200000|  0%| F|  |TAMS 0x0000000085100000, 0x0000000085100000| Untracked 
|  50|0x0000000085200000, 0x0000000085200000, 0x0000000085300000|  0%| F|  |TAMS 0x0000000085200000, 0x0000000085200000| Untracked 
|  51|0x0000000085300000, 0x0000000085300000, 0x0000000085400000|  0%| F|  |TAMS 0x0000000085300000, 0x0000000085300000| Untracked 
|  52|0x0000000085400000, 0x0000000085400000, 0x0000000085500000|  0%| F|  |TAMS 0x0000000085400000, 0x0000000085400000| Untracked 
|  53|0x0000000085500000, 0x0000000085500000, 0x0000000085600000|  0%| F|  |TAMS 0x0000000085500000, 0x0000000085500000| Untracked 
|  54|0x0000000085600000, 0x0000000085600000, 0x0000000085700000|  0%| F|  |TAMS 0x0000000085600000, 0x0000000085600000| Untracked 
|  55|0x0000000085700000, 0x0000000085700000, 0x0000000085800000|  0%| F|  |TAMS 0x0000000085700000, 0x0000000085700000| Untracked 
|  56|0x0000000085800000, 0x0000000085800000, 0x0000000085900000|  0%| F|  |TAMS 0x0000000085800000, 0x0000000085800000| Untracked 
|  57|0x0000000085900000, 0x0000000085900000, 0x0000000085a00000|  0%| F|  |TAMS 0x0000000085900000, 0x0000000085900000| Untracked 
|  58|0x0000000085a00000, 0x0000000085a00000, 0x0000000085b00000|  0%| F|  |TAMS 0x0000000085a00000, 0x0000000085a00000| Untracked 
|  59|0x0000000085b00000, 0x0000000085b00000, 0x0000000085c00000|  0%| F|  |TAMS 0x0000000085b00000, 0x0000000085b00000| Untracked 
|  60|0x0000000085c00000, 0x0000000085c00000, 0x0000000085d00000|  0%| F|  |TAMS 0x0000000085c00000, 0x0000000085c00000| Untracked 
|  61|0x0000000085d00000, 0x0000000085d00000, 0x0000000085e00000|  0%| F|  |TAMS 0x0000000085d00000, 0x0000000085d00000| Untracked 
|  62|0x0000000085e00000, 0x0000000085e00000, 0x0000000085f00000|  0%| F|  |TAMS 0x0000000085e00000, 0x0000000085e00000| Untracked 
|  63|0x0000000085f00000, 0x0000000085f00000, 0x0000000086000000|  0%| F|  |TAMS 0x0000000085f00000, 0x0000000085f00000| Untracked 
|  64|0x0000000086000000, 0x0000000086000000, 0x0000000086100000|  0%| F|  |TAMS 0x0000000086000000, 0x0000000086000000| Untracked 
|  65|0x0000000086100000, 0x0000000086100000, 0x0000000086200000|  0%| F|  |TAMS 0x0000000086100000, 0x0000000086100000| Untracked 
|  66|0x0000000086200000, 0x0000000086200000, 0x0000000086300000|  0%| F|  |TAMS 0x0000000086200000, 0x0000000086200000| Untracked 
|  67|0x0000000086300000, 0x0000000086300000, 0x0000000086400000|  0%| F|  |TAMS 0x0000000086300000, 0x0000000086300000| Untracked 
|  68|0x0000000086400000, 0x0000000086400000, 0x0000000086500000|  0%| F|  |TAMS 0x0000000086400000, 0x0000000086400000| Untracked 
|  69|0x0000000086500000, 0x0000000086500000, 0x0000000086600000|  0%| F|  |TAMS 0x0000000086500000, 0x0000000086500000| Untracked 
|  70|0x0000000086600000, 0x0000000086600000, 0x0000000086700000|  0%| F|  |TAMS 0x0000000086600000, 0x0000000086600000| Untracked 
|  71|0x0000000086700000, 0x0000000086700000, 0x0000000086800000|  0%| F|  |TAMS 0x0000000086700000, 0x0000000086700000| Untracked 
|  72|0x0000000086800000, 0x0000000086800000, 0x0000000086900000|  0%| F|  |TAMS 0x0000000086800000, 0x0000000086800000| Untracked 
|  73|0x0000000086900000, 0x0000000086900000, 0x0000000086a00000|  0%| F|  |TAMS 0x0000000086900000, 0x0000000086900000| Untracked 
|  74|0x0000000086a00000, 0x0000000086a00000, 0x0000000086b00000|  0%| F|  |TAMS 0x0000000086a00000, 0x0000000086a00000| Untracked 
|  75|0x0000000086b00000, 0x0000000086b00000, 0x0000000086c00000|  0%| F|  |TAMS 0x0000000086b00000, 0x0000000086b00000| Untracked 
|  76|0x0000000086c00000, 0x0000000086c00000, 0x0000000086d00000|  0%| F|  |TAMS 0x0000000086c00000, 0x0000000086c00000| Untracked 
|  77|0x0000000086d00000, 0x0000000086d00000, 0x0000000086e00000|  0%| F|  |TAMS 0x0000000086d00000, 0x0000000086d00000| Untracked 
|  78|0x0000000086e00000, 0x0000000086e00000, 0x0000000086f00000|  0%| F|  |TAMS 0x0000000086e00000, 0x0000000086e00000| Untracked 
|  79|0x0000000086f00000, 0x0000000086f00000, 0x0000000087000000|  0%| F|  |TAMS 0x0000000086f00000, 0x0000000086f00000| Untracked 
|  80|0x0000000087000000, 0x0000000087000000, 0x0000000087100000|  0%| F|  |TAMS 0x0000000087000000, 0x0000000087000000| Untracked 
|  81|0x0000000087100000, 0x0000000087100000, 0x0000000087200000|  0%| F|  |TAMS 0x0000000087100000, 0x0000000087100000| Untracked 
|  82|0x0000000087200000, 0x0000000087200000, 0x0000000087300000|  0%| F|  |TAMS 0x0000000087200000, 0x0000000087200000| Untracked 
|  83|0x0000000087300000, 0x0000000087300000, 0x0000000087400000|  0%| F|  |TAMS 0x0000000087300000, 0x0000000087300000| Untracked 
|  84|0x0000000087400000, 0x0000000087400000, 0x0000000087500000|  0%| F|  |TAMS 0x0000000087400000, 0x0000000087400000| Untracked 
|  85|0x0000000087500000, 0x0000000087500000, 0x0000000087600000|  0%| F|  |TAMS 0x0000000087500000, 0x0000000087500000| Untracked 
|  86|0x0000000087600000, 0x0000000087600000, 0x0000000087700000|  0%| F|  |TAMS 0x0000000087600000, 0x0000000087600000| Untracked 
|  87|0x0000000087700000, 0x0000000087700000, 0x0000000087800000|  0%| F|  |TAMS 0x0000000087700000, 0x0000000087700000| Untracked 
|  88|0x0000000087800000, 0x0000000087800000, 0x0000000087900000|  0%| F|  |TAMS 0x0000000087800000, 0x0000000087800000| Untracked 
|  89|0x0000000087900000, 0x0000000087900000, 0x0000000087a00000|  0%| F|  |TAMS 0x0000000087900000, 0x0000000087900000| Untracked 
|  90|0x0000000087a00000, 0x0000000087a00000, 0x0000000087b00000|  0%| F|  |TAMS 0x0000000087a00000, 0x0000000087a00000| Untracked 
|  91|0x0000000087b00000, 0x0000000087b00000, 0x0000000087c00000|  0%| F|  |TAMS 0x0000000087b00000, 0x0000000087b00000| Untracked 
|  92|0x0000000087c00000, 0x0000000087c00000, 0x0000000087d00000|  0%| F|  |TAMS 0x0000000087c00000, 0x0000000087c00000| Untracked 
|  93|0x0000000087d00000, 0x0000000087d00000, 0x0000000087e00000|  0%| F|  |TAMS 0x0000000087d00000, 0x0000000087d00000| Untracked 
|  94|0x0000000087e00000, 0x0000000087e00000, 0x0000000087f00000|  0%| F|  |TAMS 0x0000000087e00000, 0x0000000087e00000| Untracked 
|  95|0x0000000087f00000, 0x0000000087f00000, 0x0000000088000000|  0%| F|  |TAMS 0x0000000087f00000, 0x0000000087f00000| Untracked 
|  96|0x0000000088000000, 0x0000000088000000, 0x0000000088100000|  0%| F|  |TAMS 0x0000000088000000, 0x0000000088000000| Untracked 
|  97|0x0000000088100000, 0x0000000088100000, 0x0000000088200000|  0%| F|  |TAMS 0x0000000088100000, 0x0000000088100000| Untracked 
|  98|0x0000000088200000, 0x0000000088200000, 0x0000000088300000|  0%| F|  |TAMS 0x0000000088200000, 0x0000000088200000| Untracked 
|  99|0x0000000088300000, 0x0000000088300000, 0x0000000088400000|  0%| F|  |TAMS 0x0000000088300000, 0x0000000088300000| Untracked 
| 100|0x0000000088400000, 0x0000000088400000, 0x0000000088500000|  0%| F|  |TAMS 0x0000000088400000, 0x0000000088400000| Untracked 
| 101|0x0000000088500000, 0x0000000088500000, 0x0000000088600000|  0%| F|  |TAMS 0x0000000088500000, 0x0000000088500000| Untracked 
| 102|0x0000000088600000, 0x0000000088600000, 0x0000000088700000|  0%| F|  |TAMS 0x0000000088600000, 0x0000000088600000| Untracked 
| 103|0x0000000088700000, 0x0000000088700000, 0x0000000088800000|  0%| F|  |TAMS 0x0000000088700000, 0x0000000088700000| Untracked 
| 104|0x0000000088800000, 0x0000000088800000, 0x0000000088900000|  0%| F|  |TAMS 0x0000000088800000, 0x0000000088800000| Untracked 
| 105|0x0000000088900000, 0x0000000088900000, 0x0000000088a00000|  0%| F|  |TAMS 0x0000000088900000, 0x0000000088900000| Untracked 
| 106|0x0000000088a00000, 0x0000000088a00000, 0x0000000088b00000|  0%| F|  |TAMS 0x0000000088a00000, 0x0000000088a00000| Untracked 
| 107|0x0000000088b00000, 0x0000000088b00000, 0x0000000088c00000|  0%| F|  |TAMS 0x0000000088b00000, 0x0000000088b00000| Untracked 
| 108|0x0000000088c00000, 0x0000000088c00000, 0x0000000088d00000|  0%| F|  |TAMS 0x0000000088c00000, 0x0000000088c00000| Untracked 
| 109|0x0000000088d00000, 0x0000000088d00000, 0x0000000088e00000|  0%| F|  |TAMS 0x0000000088d00000, 0x0000000088d00000| Untracked 
| 110|0x0000000088e00000, 0x0000000088e00000, 0x0000000088f00000|  0%| F|  |TAMS 0x0000000088e00000, 0x0000000088e00000| Untracked 
| 111|0x0000000088f00000, 0x0000000088f00000, 0x0000000089000000|  0%| F|  |TAMS 0x0000000088f00000, 0x0000000088f00000| Untracked 
| 112|0x0000000089000000, 0x0000000089000000, 0x0000000089100000|  0%| F|  |TAMS 0x0000000089000000, 0x0000000089000000| Untracked 
| 113|0x0000000089100000, 0x0000000089100000, 0x0000000089200000|  0%| F|  |TAMS 0x0000000089100000, 0x0000000089100000| Untracked 
| 114|0x0000000089200000, 0x0000000089200000, 0x0000000089300000|  0%| F|  |TAMS 0x0000000089200000, 0x0000000089200000| Untracked 
| 115|0x0000000089300000, 0x0000000089300000, 0x0000000089400000|  0%| F|  |TAMS 0x0000000089300000, 0x0000000089300000| Untracked 
| 116|0x0000000089400000, 0x0000000089400000, 0x0000000089500000|  0%| F|  |TAMS 0x0000000089400000, 0x0000000089400000| Untracked 
| 117|0x0000000089500000, 0x0000000089500000, 0x0000000089600000|  0%| F|  |TAMS 0x0000000089500000, 0x0000000089500000| Untracked 
| 118|0x0000000089600000, 0x0000000089600000, 0x0000000089700000|  0%| F|  |TAMS 0x0000000089600000, 0x0000000089600000| Untracked 
| 119|0x0000000089700000, 0x0000000089700000, 0x0000000089800000|  0%| F|  |TAMS 0x0000000089700000, 0x0000000089700000| Untracked 
| 120|0x0000000089800000, 0x0000000089800000, 0x0000000089900000|  0%| F|  |TAMS 0x0000000089800000, 0x0000000089800000| Untracked 
| 121|0x0000000089900000, 0x0000000089900000, 0x0000000089a00000|  0%| F|  |TAMS 0x0000000089900000, 0x0000000089900000| Untracked 
| 122|0x0000000089a00000, 0x0000000089a85bc8, 0x0000000089b00000| 52%| E|  |TAMS 0x0000000089a00000, 0x0000000089a00000| Complete 
| 123|0x0000000089b00000, 0x0000000089c00000, 0x0000000089c00000|100%| E|CS|TAMS 0x0000000089b00000, 0x0000000089b00000| Complete 
| 124|0x0000000089c00000, 0x0000000089d00000, 0x0000000089d00000|100%| E|CS|TAMS 0x0000000089c00000, 0x0000000089c00000| Complete 
| 125|0x0000000089d00000, 0x0000000089e00000, 0x0000000089e00000|100%| E|CS|TAMS 0x0000000089d00000, 0x0000000089d00000| Complete 

Card table byte_map: [0x0000026d1b1d0000,0x0000026d1b5c0000] _byte_map_base: 0x0000026d1adc0000

Marking Bits (Prev, Next): (CMBitMap*) 0x0000026d08773b50, (CMBitMap*) 0x0000026d08773b90
 Prev Bits: [0x0000026d1b9b0000, 0x0000026d1d930000)
 Next Bits: [0x0000026d1d930000, 0x0000026d1f8b0000)

Polling page: 0x0000026d06570000

Metaspace:

Usage:
  Non-class:      6.54 MB used.
      Class:    650.69 KB used.
       Both:      7.18 MB used.

Virtual space:
  Non-class space:        8.00 MB reserved,       6.62 MB ( 83%) committed,  1 nodes.
      Class space:        1.00 GB reserved,     704.00 KB ( <1%) committed,  1 nodes.
             Both:        1.01 GB reserved,       7.31 MB ( <1%) committed. 

Chunk freelists:
   Non-Class:  949.00 KB
       Class:  3.19 MB
        Both:  4.12 MB

MaxMetaspaceSize: unlimited
CompressedClassSpaceSize: 1.00 GB
Initial GC threshold: 21.00 MB
Current GC threshold: 21.00 MB
CDS: off
MetaspaceReclaimPolicy: balanced
 - commit_granule_bytes: 65536.
 - commit_granule_words: 8192.
 - virtual_space_node_default_size: 1048576.
 - enlarge_chunks_in_place: 1.
 - new_chunks_are_fully_committed: 0.
 - uncommit_free_chunks: 1.
 - use_allocation_guard: 0.
 - handle_deallocations: 1.


Internal statistics:

num_allocs_failed_limit: 0.
num_arena_births: 52.
num_arena_deaths: 0.
num_vsnodes_births: 2.
num_vsnodes_deaths: 0.
num_space_committed: 117.
num_space_uncommitted: 0.
num_chunks_returned_to_freelist: 0.
num_chunks_taken_from_freelist: 89.
num_chunk_merges: 0.
num_chunk_splits: 50.
num_chunks_enlarged: 31.
num_purges: 0.
num_inconsistent_stats: 0.

CodeHeap 'non-profiled nmethods': size=120000Kb used=94Kb max_used=94Kb free=119905Kb
 bounds [0x0000026d138b0000, 0x0000026d13b20000, 0x0000026d1ade0000]
CodeHeap 'profiled nmethods': size=120000Kb used=246Kb max_used=246Kb free=119753Kb
 bounds [0x0000026d0bde0000, 0x0000026d0c050000, 0x0000026d13310000]
CodeHeap 'non-nmethods': size=5760Kb used=1124Kb max_used=1138Kb free=4635Kb
 bounds [0x0000026d13310000, 0x0000026d13580000, 0x0000026d138b0000]
 total_blobs=662 nmethods=254 adapters=321
 compilation: enabled
              stopped_count=0, restarted_count=0
 full_count=0

Compilation events (20 events):
Event: 0.450 Thread 0x0000026d2281a4b0 nmethod 220 0x0000026d0be1a010 code [0x0000026d0be1a280, 0x0000026d0be1abc8]
Event: 0.450 Thread 0x0000026d2281a4b0  223       3       sun.invoke.util.Wrapper::forPrimitiveType (49 bytes)
Event: 0.453 Thread 0x0000026d2281a4b0 nmethod 223 0x0000026d0be1af90 code [0x0000026d0be1b300, 0x0000026d0be1c688]
Event: 0.453 Thread 0x0000026d2281a4b0  222       3       java.util.Arrays::copyOf (40 bytes)
Event: 0.454 Thread 0x0000026d2281a4b0 nmethod 222 0x0000026d0be1ce10 code [0x0000026d0be1d000, 0x0000026d0be1d6a8]
Event: 0.454 Thread 0x0000026d2281a4b0  231       1       java.lang.invoke.LambdaForm$BasicType::basicTypeClass (5 bytes)
Event: 0.454 Thread 0x0000026d2281a4b0 nmethod 231 0x0000026d138c2990 code [0x0000026d138c2b20, 0x0000026d138c2bf8]
Event: 0.454 Thread 0x0000026d2281a4b0  232       3       jdk.internal.org.objectweb.asm.Frame::execute (2305 bytes)
Event: 0.454 Thread 0x0000026d22819a10  233   !   4       java.nio.DirectByteBuffer::get (34 bytes)
Event: 0.457 Thread 0x0000026d22819a10 nmethod 233 0x0000026d138c2c90 code [0x0000026d138c2e20, 0x0000026d138c2f38]
Event: 0.458 Thread 0x0000026d22819a10  234       4       java.nio.Buffer::scope (17 bytes)
Event: 0.459 Thread 0x0000026d22819a10 nmethod 234 0x0000026d138c3090 code [0x0000026d138c3200, 0x0000026d138c3298]
Event: 0.464 Thread 0x0000026d22819a10  237   !   4       jdk.internal.misc.ScopedMemoryAccess::getByte (20 bytes)
Event: 0.465 Thread 0x0000026d22819a10 nmethod 237 0x0000026d138c3390 code [0x0000026d138c3500, 0x0000026d138c35b8]
Event: 0.468 Thread 0x0000026d22819a10  241       4       java.util.Objects::requireNonNull (14 bytes)
Event: 0.468 Thread 0x0000026d22819a10 nmethod 241 0x0000026d138c3690 code [0x0000026d138c3800, 0x0000026d138c3878]
Event: 0.470 Thread 0x0000026d22819a10  243       4       java.lang.String::coder (15 bytes)
Event: 0.471 Thread 0x0000026d22819a10 nmethod 243 0x0000026d138c3990 code [0x0000026d138c3b00, 0x0000026d138c3b78]
Event: 0.478 Thread 0x0000026d22819a10  255       4       java.lang.String::length (11 bytes)
Event: 0.480 Thread 0x0000026d22819a10 nmethod 255 0x0000026d138c3c90 code [0x0000026d138c3e00, 0x0000026d138c3e98]

GC Heap History (0 events):
No events

Dll operation events (7 events):
Event: 0.007 Loaded shared library E:\STS Id\sts-4.17.2.RELEASE\plugins\org.eclipse.justj.openjdk.hotspot.jre.full.win32.x86_64_17.0.6.v20230125-1136\jre\bin\java.dll
Event: 0.119 Loaded shared library E:\STS Id\sts-4.17.2.RELEASE\plugins\org.eclipse.justj.openjdk.hotspot.jre.full.win32.x86_64_17.0.6.v20230125-1136\jre\bin\net.dll
Event: 0.120 Loaded shared library E:\STS Id\sts-4.17.2.RELEASE\plugins\org.eclipse.justj.openjdk.hotspot.jre.full.win32.x86_64_17.0.6.v20230125-1136\jre\bin\nio.dll
Event: 0.129 Loaded shared library E:\STS Id\sts-4.17.2.RELEASE\plugins\org.eclipse.justj.openjdk.hotspot.jre.full.win32.x86_64_17.0.6.v20230125-1136\jre\bin\zip.dll
Event: 0.136 Loaded shared library E:\STS Id\sts-4.17.2.RELEASE\plugins\org.eclipse.justj.openjdk.hotspot.jre.full.win32.x86_64_17.0.6.v20230125-1136\jre\bin\verify.dll
Event: 0.139 Loaded shared library E:\STS Id\sts-4.17.2.RELEASE\plugins\org.eclipse.justj.openjdk.hotspot.jre.full.win32.x86_64_17.0.6.v20230125-1136\jre\bin\jimage.dll
Event: 0.175 Loaded shared library E:\STS Id\sts-4.17.2.RELEASE\plugins\org.eclipse.justj.openjdk.hotspot.jre.full.win32.x86_64_17.0.6.v20230125-1136\jre\bin\attach.dll

Deoptimization events (0 events):
No events

Classes unloaded (0 events):
No events

Classes redefined (0 events):
No events

Internal exceptions (0 events):
No events

VM Operations (2 events):
Event: 0.130 Executing VM operation: HandshakeAllThreads
Event: 0.130 Executing VM operation: HandshakeAllThreads done

Events (20 events):
Event: 0.460 loading class java/lang/InterruptedException done
Event: 0.463 loading class java/nio/HeapIntBuffer
Event: 0.463 loading class java/nio/HeapIntBuffer done
Event: 0.478 loading class java/util/TreeMap$Values
Event: 0.478 loading class java/util/TreeMap$Values done
Event: 0.478 loading class java/util/TreeMap$ValueIterator
Event: 0.478 loading class java/util/TreeMap$ValueIterator done
Event: 0.478 loading class jdk/internal/module/Checks
Event: 0.478 loading class jdk/internal/module/Checks done
Event: 0.480 loading class java/io/Reader
Event: 0.480 loading class java/lang/Readable
Event: 0.480 loading class java/lang/Readable done
Event: 0.480 loading class java/io/Reader done
Event: 0.480 loading class java/io/InputStreamReader
Event: 0.480 loading class java/io/InputStreamReader done
Event: 0.480 loading class java/io/BufferedReader
Event: 0.480 loading class java/io/BufferedReader done
Event: 0.481 loading class sun/net/www/protocol/jrt/JavaRuntimeURLConnection
Event: 0.481 loading class sun/net/www/URLConnection
Event: 0.481 loading class java/net/URLConnection


Dynamic libraries:
0x00007ff69c3e0000 - 0x00007ff69c3ee000 	E:\STS Id\sts-4.17.2.RELEASE\plugins\org.eclipse.justj.openjdk.hotspot.jre.full.win32.x86_64_17.0.6.v20230125-1136\jre\bin\java.exe
0x00007ffd917d0000 - 0x00007ffd919c7000 	C:\WINDOWS\SYSTEM32\ntdll.dll
0x00007ffd8ff10000 - 0x00007ffd8ffcd000 	C:\WINDOWS\System32\KERNEL32.DLL
0x00007ffd8f090000 - 0x00007ffd8f386000 	C:\WINDOWS\System32\KERNELBASE.dll
0x00007ffd8f390000 - 0x00007ffd8f490000 	C:\WINDOWS\System32\ucrtbase.dll
0x00007ffd805f0000 - 0x00007ffd80609000 	E:\STS Id\sts-4.17.2.RELEASE\plugins\org.eclipse.justj.openjdk.hotspot.jre.full.win32.x86_64_17.0.6.v20230125-1136\jre\bin\VCRUNTIME140.dll
0x00007ffd86370000 - 0x00007ffd86387000 	E:\STS Id\sts-4.17.2.RELEASE\plugins\org.eclipse.justj.openjdk.hotspot.jre.full.win32.x86_64_17.0.6.v20230125-1136\jre\bin\jli.dll
0x00007ffd91190000 - 0x00007ffd9132e000 	C:\WINDOWS\System32\USER32.dll
0x00007ffd83af0000 - 0x00007ffd83d8a000 	C:\WINDOWS\WinSxS\amd64_microsoft.windows.common-controls_6595b64144ccf1df_6.0.19041.3570_none_60bb2a3971f3e41a\COMCTL32.dll
0x00007ffd8f060000 - 0x00007ffd8f082000 	C:\WINDOWS\System32\win32u.dll
0x00007ffd90c80000 - 0x00007ffd90d1e000 	C:\WINDOWS\System32\msvcrt.dll
0x00007ffd914b0000 - 0x00007ffd914dc000 	C:\WINDOWS\System32\GDI32.dll
0x00007ffd8f490000 - 0x00007ffd8f5aa000 	C:\WINDOWS\System32\gdi32full.dll
0x00007ffd8f720000 - 0x00007ffd8f7bd000 	C:\WINDOWS\System32\msvcp_win.dll
0x00007ffd91570000 - 0x00007ffd915a0000 	C:\WINDOWS\System32\IMM32.DLL
0x00007ffd86360000 - 0x00007ffd8636c000 	E:\STS Id\sts-4.17.2.RELEASE\plugins\org.eclipse.justj.openjdk.hotspot.jre.full.win32.x86_64_17.0.6.v20230125-1136\jre\bin\vcruntime140_1.dll
0x00007ffd62a00000 - 0x00007ffd62a91000 	E:\STS Id\sts-4.17.2.RELEASE\plugins\org.eclipse.justj.openjdk.hotspot.jre.full.win32.x86_64_17.0.6.v20230125-1136\jre\bin\msvcp140.dll
0x00007ffd254d0000 - 0x00007ffd26117000 	E:\STS Id\sts-4.17.2.RELEASE\plugins\org.eclipse.justj.openjdk.hotspot.jre.full.win32.x86_64_17.0.6.v20230125-1136\jre\bin\server\jvm.dll
0x00007ffd8ffd0000 - 0x00007ffd9007e000 	C:\WINDOWS\System32\ADVAPI32.dll
0x00007ffd915a0000 - 0x00007ffd9163c000 	C:\WINDOWS\System32\sechost.dll
0x00007ffd90870000 - 0x00007ffd90996000 	C:\WINDOWS\System32\RPCRT4.dll
0x00007ffd85e60000 - 0x00007ffd85e69000 	C:\WINDOWS\SYSTEM32\WSOCK32.dll
0x00007ffd83ea0000 - 0x00007ffd83ec7000 	C:\WINDOWS\SYSTEM32\WINMM.dll
0x00007ffd85990000 - 0x00007ffd8599a000 	C:\WINDOWS\SYSTEM32\VERSION.dll
0x00007ffd91720000 - 0x00007ffd9178b000 	C:\WINDOWS\System32\WS2_32.dll
0x00007ffd8da60000 - 0x00007ffd8da72000 	C:\WINDOWS\SYSTEM32\kernel.appcore.dll
0x00007ffd85740000 - 0x00007ffd8574a000 	E:\STS Id\sts-4.17.2.RELEASE\plugins\org.eclipse.justj.openjdk.hotspot.jre.full.win32.x86_64_17.0.6.v20230125-1136\jre\bin\jimage.dll
0x00007ffd8d730000 - 0x00007ffd8d914000 	C:\WINDOWS\SYSTEM32\DBGHELP.DLL
0x00007ffd87c40000 - 0x00007ffd87c74000 	C:\WINDOWS\SYSTEM32\dbgcore.DLL
0x00007ffd8f5e0000 - 0x00007ffd8f662000 	C:\WINDOWS\System32\bcryptPrimitives.dll
0x00007ffd836c0000 - 0x00007ffd836e5000 	E:\STS Id\sts-4.17.2.RELEASE\plugins\org.eclipse.justj.openjdk.hotspot.jre.full.win32.x86_64_17.0.6.v20230125-1136\jre\bin\java.dll
0x00007ffd85670000 - 0x00007ffd85688000 	E:\STS Id\sts-4.17.2.RELEASE\plugins\org.eclipse.justj.openjdk.hotspot.jre.full.win32.x86_64_17.0.6.v20230125-1136\jre\bin\zip.dll
0x00007ffd90120000 - 0x00007ffd90864000 	C:\WINDOWS\System32\SHELL32.dll
0x00007ffd8cc60000 - 0x00007ffd8d3fb000 	C:\WINDOWS\SYSTEM32\windows.storage.dll
0x00007ffd90d20000 - 0x00007ffd91074000 	C:\WINDOWS\System32\combase.dll
0x00007ffd8e820000 - 0x00007ffd8e84d000 	C:\WINDOWS\SYSTEM32\Wldp.dll
0x00007ffd8f830000 - 0x00007ffd8f8dd000 	C:\WINDOWS\System32\SHCORE.dll
0x00007ffd91080000 - 0x00007ffd910d5000 	C:\WINDOWS\System32\shlwapi.dll
0x00007ffd8ede0000 - 0x00007ffd8ee05000 	C:\WINDOWS\SYSTEM32\profapi.dll
0x00007ffd85100000 - 0x00007ffd85119000 	E:\STS Id\sts-4.17.2.RELEASE\plugins\org.eclipse.justj.openjdk.hotspot.jre.full.win32.x86_64_17.0.6.v20230125-1136\jre\bin\net.dll
0x00007ffd85fa0000 - 0x00007ffd860aa000 	C:\WINDOWS\SYSTEM32\WINHTTP.dll
0x00007ffd8e580000 - 0x00007ffd8e5ea000 	C:\WINDOWS\system32\mswsock.dll
0x00007ffd83e30000 - 0x00007ffd83e45000 	E:\STS Id\sts-4.17.2.RELEASE\plugins\org.eclipse.justj.openjdk.hotspot.jre.full.win32.x86_64_17.0.6.v20230125-1136\jre\bin\nio.dll
0x00007ffd859a0000 - 0x00007ffd859b0000 	E:\STS Id\sts-4.17.2.RELEASE\plugins\org.eclipse.justj.openjdk.hotspot.jre.full.win32.x86_64_17.0.6.v20230125-1136\jre\bin\verify.dll
0x00007ffd88db0000 - 0x00007ffd88db9000 	E:\STS Id\sts-4.17.2.RELEASE\plugins\org.eclipse.justj.openjdk.hotspot.jre.full.win32.x86_64_17.0.6.v20230125-1136\jre\bin\attach.dll
0x00007ffd91560000 - 0x00007ffd91568000 	C:\WINDOWS\System32\PSAPI.DLL

dbghelp: loaded successfully - version: 4.0.5 - missing functions: none
symbol engine: initialized successfully - sym options: 0x614 - pdb path: .;E:\STS Id\sts-4.17.2.RELEASE\plugins\org.eclipse.justj.openjdk.hotspot.jre.full.win32.x86_64_17.0.6.v20230125-1136\jre\bin;C:\WINDOWS\SYSTEM32;C:\WINDOWS\WinSxS\amd64_microsoft.windows.common-controls_6595b64144ccf1df_6.0.19041.3570_none_60bb2a3971f3e41a;E:\STS Id\sts-4.17.2.RELEASE\plugins\org.eclipse.justj.openjdk.hotspot.jre.full.win32.x86_64_17.0.6.v20230125-1136\jre\bin\server

VM Arguments:
jvm_args: -Dnet.bytebuddy.agent.attacher.dump= 
java_command: net.bytebuddy.agent.Attacher com.sun.tools.attach.VirtualMachine 19360 C:\Users\hree\.m2\repository\net\bytebuddy\byte-buddy-agent\1.14.8\byte-buddy-agent-1.14.8.jar false 
java_class_path (initial): C:\Users\hree\.m2\repository\net\bytebuddy\byte-buddy-agent\1.14.8\byte-buddy-agent-1.14.8.jar
Launcher Type: SUN_STANDARD

[Global flags]
     intx CICompilerCount                          = 3                                         {product} {ergonomic}
     uint ConcGCThreads                            = 1                                         {product} {ergonomic}
     uint G1ConcRefinementThreads                  = 4                                         {product} {ergonomic}
   size_t G1HeapRegionSize                         = 1048576                                   {product} {ergonomic}
    uintx GCDrainStackTargetSize                   = 64                                        {product} {ergonomic}
   size_t InitialHeapSize                          = 132120576                                 {product} {ergonomic}
   size_t MarkStackSize                            = 4194304                                   {product} {ergonomic}
   size_t MaxHeapSize                              = 2113929216                                {product} {ergonomic}
   size_t MaxNewSize                               = 1267728384                                {product} {ergonomic}
   size_t MinHeapDeltaBytes                        = 1048576                                   {product} {ergonomic}
   size_t MinHeapSize                              = 8388608                                   {product} {ergonomic}
    uintx NonNMethodCodeHeapSize                   = 5832780                                {pd product} {ergonomic}
    uintx NonProfiledCodeHeapSize                  = 122912730                              {pd product} {ergonomic}
    uintx ProfiledCodeHeapSize                     = 122912730                              {pd product} {ergonomic}
    uintx ReservedCodeCacheSize                    = 251658240                              {pd product} {ergonomic}
     bool SegmentedCodeCache                       = true                                      {product} {ergonomic}
   size_t SoftMaxHeapSize                          = 2113929216                             {manageable} {ergonomic}
     bool UseCompressedClassPointers               = true                           {product lp64_product} {ergonomic}
     bool UseCompressedOops                        = true                           {product lp64_product} {ergonomic}
     bool UseG1GC                                  = true                                      {product} {ergonomic}
     bool UseLargePagesIndividualAllocation        = false                                  {pd product} {ergonomic}

Logging:
Log output configuration:
 #0: stdout all=warning uptime,level,tags
 #1: stderr all=off uptime,level,tags

Environment Variables:
PATH=E:/STS Id/sts-4.17.2.RELEASE//plugins/org.eclipse.justj.openjdk.hotspot.jre.full.win32.x86_64_17.0.6.v20230125-1136/jre/bin/server;E:/STS Id/sts-4.17.2.RELEASE//plugins/org.eclipse.justj.openjdk.hotspot.jre.full.win32.x86_64_17.0.6.v20230125-1136/jre/bin;C:\Program Files\Common Files\Oracle\Java\javapath;C:\Users\hree\AppData\Local\Microsoft\WindowsApps;C:\Users\hree....;C:\WINDOWS\system32;C:\WINDOWS;C:\WINDOWS\System32\Wbem;C:\WINDOWS\System32\WindowsPowerShell\v1.0\;C:\WINDOWS\System32\OpenSSH\;C:\Program Files\Java\jdk-17.0.1\bin;E:\;C:\Users\hree\AppData\Local\Microsoft\WindowsApps;;E:\STS Id\sts-4.17.2.RELEASE;
USERNAME=hree
OS=Windows_NT
PROCESSOR_IDENTIFIER=Intel64 Family 6 Model 61 Stepping 4, GenuineIntel
TMP=C:\Users\hree\AppData\Local\Temp
TEMP=C:\Users\hree\AppData\Local\Temp



---------------  S Y S T E M  ---------------

OS:
 Windows 10 , 64 bit Build 19041 (10.0.19041.3570)
OS uptime: 5 days 0:01 hours

CPU: total 4 (initial active 4) (2 cores per cpu, 2 threads per core) family 6 model 61 stepping 4 microcode 0x2d, cx8, cmov, fxsr, ht, mmx, 3dnowpref, sse, sse2, sse3, ssse3, sse4.1, sse4.2, popcnt, lzcnt, tsc, tscinvbit, avx, avx2, aes, erms, clmul, bmi1, bmi2, rtm, adx, fma, vzeroupper, clflush

Memory: 4k page, system-wide physical 8063M (1355M free)
TotalPageFile size 11170M (AvailPageFile size 0M)
current process WorkingSet (physical memory assigned to process): 38M, peak: 38M
current process commit charge ("private bytes"): 197M, peak: 197M

vm_info: OpenJDK 64-Bit Server VM (17.0.6+10) for windows-amd64 JRE (17.0.6+10), built on Jan 18 2023 10:08:59 by "temurin" with MS VC++ 16.7 (VS2019)

END.
